# JRE version: Java(TM) SE Runtime Environment (8.0_91-b14) (build 1.8.0_91-b14)
# Java VM: Java HotSpot(TM) 64-Bit Server VM (25.91-b14 mixed mode windows-amd64 compressed oops)
Heap:
 PSYoungGen      total 435712K, used 167987K [0x00000000e0000000, 0x0000000100000000, 0x0000000100000000)
  eden space 348672K, 48% used [0x00000000e0000000,0x00000000ea40cec0,0x00000000f5480000)
  from space 87040K, 0% used [0x00000000faa00000,0x00000000faa00000,0x00000000fff00000)
  to   space 87552K, 0% used [0x00000000f5480000,0x00000000f5480000,0x00000000faa00000)
 ParOldGen       total 699392K, used 59158K [0x00000000a0000000, 0x00000000cab00000, 0x00000000e0000000)
  object space 699392K, 8% used [0x00000000a0000000,0x00000000a39c5a68,0x00000000cab00000)
 Metaspace       used 77074K, capacity 80282K, committed 81024K, reserved 1120256K
  class space    used 9659K, capacity 10168K, committed 10368K, reserved 1048576K
GC Heap History (10 events):
Event: 2228.207 GC heap before
{Heap before GC invocations=114 (full 14):
 PSYoungGen      total 436224K, used 405806K [0x00000000e0000000, 0x0000000100000000, 0x0000000100000000)
  eden space 349696K, 100% used [0x00000000e0000000,0x00000000f5580000,0x00000000f5580000)
  from space 86528K, 64% used [0x00000000f5580000,0x00000000f8c4b970,0x00000000faa00000)
  to   space 87552K, 0% used [0x00000000faa80000,0x00000000faa80000,0x0000000100000000)
 ParOldGen       total 425472K, used 327761K [0x00000000a0000000, 0x00000000b9f80000, 0x00000000e0000000)
  object space 425472K, 77% used [0x00000000a0000000,0x00000000b4014778,0x00000000b9f80000)
 Metaspace       used 76975K, capacity 80130K, committed 80768K, reserved 1120256K
  class space    used 9649K, capacity 10160K, committed 10368K, reserved 1048576K
Event: 2228.288 GC heap after
Heap after GC invocations=114 (full 14):
 PSYoungGen      total 436736K, used 53095K [0x00000000e0000000, 0x0000000100000000, 0x0000000100000000)
  eden space 349184K, 0% used [0x00000000e0000000,0x00000000e0000000,0x00000000f5500000)
  from space 87552K, 60% used [0x00000000faa80000,0x00000000fde59f48,0x0000000100000000)
  to   space 87552K, 0% used [0x00000000f5500000,0x00000000f5500000,0x00000000faa80000)
 ParOldGen       total 425472K, used 381801K [0x00000000a0000000, 0x00000000b9f80000, 0x00000000e0000000)
  object space 425472K, 89% used [0x00000000a0000000,0x00000000b74da4f8,0x00000000b9f80000)
 Metaspace       used 76975K, capacity 80130K, committed 80768K, reserved 1120256K
  class space    used 9649K, capacity 10160K, committed 10368K, reserved 1048576K
}
Event: 2228.288 GC heap before
{Heap before GC invocations=115 (full 15):
 PSYoungGen      total 436736K, used 53095K [0x00000000e0000000, 0x0000000100000000, 0x0000000100000000)
  eden space 349184K, 0% used [0x00000000e0000000,0x00000000e0000000,0x00000000f5500000)
  from space 87552K, 60% used [0x00000000faa80000,0x00000000fde59f48,0x0000000100000000)
  to   space 87552K, 0% used [0x00000000f5500000,0x00000000f5500000,0x00000000faa80000)
 ParOldGen       total 425472K, used 381801K [0x00000000a0000000, 0x00000000b9f80000, 0x00000000e0000000)
  object space 425472K, 89% used [0x00000000a0000000,0x00000000b74da4f8,0x00000000b9f80000)
 Metaspace       used 76975K, capacity 80130K, committed 80768K, reserved 1120256K
  class space    used 9649K, capacity 10160K, committed 10368K, reserved 1048576K
Event: 2229.974 GC heap after
Heap after GC invocations=115 (full 15):
 PSYoungGen      total 436736K, used 0K [0x00000000e0000000, 0x0000000100000000, 0x0000000100000000)
  eden space 349184K, 0% used [0x00000000e0000000,0x00000000e0000000,0x00000000f5500000)
  from space 87552K, 0% used [0x00000000faa80000,0x00000000faa80000,0x0000000100000000)
  to   space 87552K, 0% used [0x00000000f5500000,0x00000000f5500000,0x00000000faa80000)
 ParOldGen       total 699392K, used 424887K [0x00000000a0000000, 0x00000000cab00000, 0x00000000e0000000)
  object space 699392K, 60% used [0x00000000a0000000,0x00000000b9eedf38,0x00000000cab00000)
 Metaspace       used 76975K, capacity 80130K, committed 80768K, reserved 1120256K
  class space    used 9649K, capacity 10160K, committed 10368K, reserved 1048576K
}
Event: 2231.864 GC heap before
{Heap before GC invocations=116 (full 15):
 PSYoungGen      total 436736K, used 349184K [0x00000000e0000000, 0x0000000100000000, 0x0000000100000000)
  eden space 349184K, 100% used [0x00000000e0000000,0x00000000f5500000,0x00000000f5500000)
  from space 87552K, 0% used [0x00000000faa80000,0x00000000faa80000,0x0000000100000000)
  to   space 87552K, 0% used [0x00000000f5500000,0x00000000f5500000,0x00000000faa80000)
 ParOldGen       total 699392K, used 424887K [0x00000000a0000000, 0x00000000cab00000, 0x00000000e0000000)
  object space 699392K, 60% used [0x00000000a0000000,0x00000000b9eedf38,0x00000000cab00000)
 Metaspace       used 76979K, capacity 80130K, committed 80768K, reserved 1120256K
  class space    used 9649K, capacity 10160K, committed 10368K, reserved 1048576K
Event: 2231.925 GC heap after
Heap after GC invocations=116 (full 15):
 PSYoungGen      total 403456K, used 54189K [0x00000000e0000000, 0x00000000fff00000, 0x0000000100000000)
  eden space 349184K, 0% used [0x00000000e0000000,0x00000000e0000000,0x00000000f5500000)
  from space 54272K, 99% used [0x00000000f5500000,0x00000000f89eb4b0,0x00000000f8a00000)
  to   space 87040K, 0% used [0x00000000faa00000,0x00000000faa00000,0x00000000fff00000)
 ParOldGen       total 699392K, used 424887K [0x00000000a0000000, 0x00000000cab00000, 0x00000000e0000000)
  object space 699392K, 60% used [0x00000000a0000000,0x00000000b9eedf38,0x00000000cab00000)
 Metaspace       used 76979K, capacity 80130K, committed 80768K, reserved 1120256K
  class space    used 9649K, capacity 10160K, committed 10368K, reserved 1048576K
}
Event: 2234.594 GC heap before
{Heap before GC invocations=117 (full 15):
 PSYoungGen      total 403456K, used 204027K [0x00000000e0000000, 0x00000000fff00000, 0x0000000100000000)
  eden space 349184K, 42% used [0x00000000e0000000,0x00000000e92538f0,0x00000000f5500000)
  from space 54272K, 99% used [0x00000000f5500000,0x00000000f89eb4b0,0x00000000f8a00000)
  to   space 87040K, 0% used [0x00000000faa00000,0x00000000faa00000,0x00000000fff00000)
 ParOldGen       total 699392K, used 424887K [0x00000000a0000000, 0x00000000cab00000, 0x00000000e0000000)
  object space 699392K, 60% used [0x00000000a0000000,0x00000000b9eedf38,0x00000000cab00000)
 Metaspace       used 76992K, capacity 80194K, committed 80768K, reserved 1120256K
  class space    used 9651K, capacity 10160K, committed 10368K, reserved 1048576K
Event: 2234.642 GC heap after
Heap after GC invocations=117 (full 15):
 PSYoungGen      total 435712K, used 56506K [0x00000000e0000000, 0x0000000100000000, 0x0000000100000000)
  eden space 348672K, 0% used [0x00000000e0000000,0x00000000e0000000,0x00000000f5480000)
  from space 87040K, 64% used [0x00000000faa00000,0x00000000fe12e900,0x00000000fff00000)
  to   space 87552K, 0% used [0x00000000f5480000,0x00000000f5480000,0x00000000faa00000)
 ParOldGen       total 699392K, used 424895K [0x00000000a0000000, 0x00000000cab00000, 0x00000000e0000000)
  object space 699392K, 60% used [0x00000000a0000000,0x00000000b9eeff38,0x00000000cab00000)
 Metaspace       used 76992K, capacity 80194K, committed 80768K, reserved 1120256K
  class space    used 9651K, capacity 10160K, committed 10368K, reserved 1048576K
}
Event: 2234.642 GC heap before
{Heap before GC invocations=118 (full 16):
 PSYoungGen      total 435712K, used 56506K [0x00000000e0000000, 0x0000000100000000, 0x0000000100000000)
  eden space 348672K, 0% used [0x00000000e0000000,0x00000000e0000000,0x00000000f5480000)
  from space 87040K, 64% used [0x00000000faa00000,0x00000000fe12e900,0x00000000fff00000)
  to   space 87552K, 0% used [0x00000000f5480000,0x00000000f5480000,0x00000000faa00000)
 ParOldGen       total 699392K, used 424895K [0x00000000a0000000, 0x00000000cab00000, 0x00000000e0000000)
  object space 699392K, 60% used [0x00000000a0000000,0x00000000b9eeff38,0x00000000cab00000)
 Metaspace       used 76992K, capacity 80194K, committed 80768K, reserved 1120256K
  class space    used 9651K, capacity 10160K, committed 10368K, reserved 1048576K
Event: 2234.941 GC heap after
Heap after GC invocations=118 (full 16):
 PSYoungGen      total 435712K, used 0K [0x00000000e0000000, 0x0000000100000000, 0x0000000100000000)
  eden space 348672K, 0% used [0x00000000e0000000,0x00000000e0000000,0x00000000f5480000)
  from space 87040K, 0% used [0x00000000faa00000,0x00000000faa00000,0x00000000fff00000)
  to   space 87552K, 0% used [0x00000000f5480000,0x00000000f5480000,0x00000000faa00000)
 ParOldGen       total 699392K, used 59158K [0x00000000a0000000, 0x00000000cab00000, 0x00000000e0000000)
  object space 699392K, 8% used [0x00000000a0000000,0x00000000a39c5a68,0x00000000cab00000)
 Metaspace       used 76992K, capacity 80194K, committed 80768K, reserved 1120256K
  class space    used 9651K, capacity 10160K, committed 10368K, reserved 1048576K
}

