# JRE version: Java(TM) SE Runtime Environment (8.0_91-b14) (build 1.8.0_91-b14)
# Java VM: Java HotSpot(TM) 64-Bit Server VM (25.91-b14 mixed mode windows-amd64 compressed oops)
Heap:
 PSYoungGen      total 172032K, used 129801K [0x00000000e0000000, 0x00000000ec000000, 0x0000000100000000)
  eden space 159744K, 73% used [0x00000000e0000000,0x00000000e72c7968,0x00000000e9c00000)
  from space 12288K, 99% used [0x00000000ea800000,0x00000000eb3fab78,0x00000000eb400000)
  to   space 9728K, 0% used [0x00000000eb680000,0x00000000eb680000,0x00000000ec000000)
 ParOldGen       total 90112K, used 15943K [0x00000000a0000000, 0x00000000a5800000, 0x00000000e0000000)
  object space 90112K, 17% used [0x00000000a0000000,0x00000000a0f91d80,0x00000000a5800000)
 Metaspace       used 43530K, capacity 44586K, committed 44672K, reserved 1087488K
  class space    used 5908K, capacity 6195K, committed 6272K, reserved 1048576K
GC Heap History (10 events):
Event: 11.171 GC heap before
{Heap before GC invocations=7 (full 1):
 PSYoungGen      total 70656K, used 70637K [0x00000000e0000000, 0x00000000e7e80000, 0x0000000100000000)
  eden space 65536K, 100% used [0x00000000e0000000,0x00000000e4000000,0x00000000e4000000)
  from space 5120K, 99% used [0x00000000e4000000,0x00000000e44fb5f8,0x00000000e4500000)
  to   space 12288K, 0% used [0x00000000e7280000,0x00000000e7280000,0x00000000e7e80000)
 ParOldGen       total 68608K, used 16300K [0x00000000a0000000, 0x00000000a4300000, 0x00000000e0000000)
  object space 68608K, 23% used [0x00000000a0000000,0x00000000a0feb0d0,0x00000000a4300000)
 Metaspace       used 32788K, capacity 33502K, committed 33792K, reserved 1079296K
  class space    used 4553K, capacity 4788K, committed 4864K, reserved 1048576K
Event: 11.191 GC heap after
Heap after GC invocations=7 (full 1):
 PSYoungGen      total 117248K, used 8658K [0x00000000e0000000, 0x00000000e8080000, 0x0000000100000000)
  eden space 104960K, 0% used [0x00000000e0000000,0x00000000e0000000,0x00000000e6680000)
  from space 12288K, 70% used [0x00000000e7280000,0x00000000e7af48d0,0x00000000e7e80000)
  to   space 12288K, 0% used [0x00000000e6680000,0x00000000e6680000,0x00000000e7280000)
 ParOldGen       total 68608K, used 16308K [0x00000000a0000000, 0x00000000a4300000, 0x00000000e0000000)
  object space 68608K, 23% used [0x00000000a0000000,0x00000000a0fed0d0,0x00000000a4300000)
 Metaspace       used 32788K, capacity 33502K, committed 33792K, reserved 1079296K
  class space    used 4553K, capacity 4788K, committed 4864K, reserved 1048576K
}
Event: 11.725 GC heap before
{Heap before GC invocations=8 (full 1):
 PSYoungGen      total 117248K, used 51461K [0x00000000e0000000, 0x00000000e8080000, 0x0000000100000000)
  eden space 104960K, 40% used [0x00000000e0000000,0x00000000e29ccde0,0x00000000e6680000)
  from space 12288K, 70% used [0x00000000e7280000,0x00000000e7af48d0,0x00000000e7e80000)
  to   space 12288K, 0% used [0x00000000e6680000,0x00000000e6680000,0x00000000e7280000)
 ParOldGen       total 68608K, used 16308K [0x00000000a0000000, 0x00000000a4300000, 0x00000000e0000000)
  object space 68608K, 23% used [0x00000000a0000000,0x00000000a0fed0d0,0x00000000a4300000)
 Metaspace       used 34646K, capacity 35316K, committed 35456K, reserved 1079296K
  class space    used 4776K, capacity 4987K, committed 4992K, reserved 1048576K
Event: 11.736 GC heap after
Heap after GC invocations=8 (full 1):
 PSYoungGen      total 117248K, used 7873K [0x00000000e0000000, 0x00000000ec200000, 0x0000000100000000)
  eden space 104960K, 0% used [0x00000000e0000000,0x00000000e0000000,0x00000000e6680000)
  from space 12288K, 64% used [0x00000000e6680000,0x00000000e6e30698,0x00000000e7280000)
  to   space 11776K, 0% used [0x00000000eb680000,0x00000000eb680000,0x00000000ec200000)
 ParOldGen       total 68608K, used 16316K [0x00000000a0000000, 0x00000000a4300000, 0x00000000e0000000)
  object space 68608K, 23% used [0x00000000a0000000,0x00000000a0fef0d0,0x00000000a4300000)
 Metaspace       used 34646K, capacity 35316K, committed 35456K, reserved 1079296K
  class space    used 4776K, capacity 4987K, committed 4992K, reserved 1048576K
}
Event: 11.736 GC heap before
{Heap before GC invocations=9 (full 2):
 PSYoungGen      total 117248K, used 7873K [0x00000000e0000000, 0x00000000ec200000, 0x0000000100000000)
  eden space 104960K, 0% used [0x00000000e0000000,0x00000000e0000000,0x00000000e6680000)
  from space 12288K, 64% used [0x00000000e6680000,0x00000000e6e30698,0x00000000e7280000)
  to   space 11776K, 0% used [0x00000000eb680000,0x00000000eb680000,0x00000000ec200000)
 ParOldGen       total 68608K, used 16316K [0x00000000a0000000, 0x00000000a4300000, 0x00000000e0000000)
  object space 68608K, 23% used [0x00000000a0000000,0x00000000a0fef0d0,0x00000000a4300000)
 Metaspace       used 34646K, capacity 35316K, committed 35456K, reserved 1079296K
  class space    used 4776K, capacity 4987K, committed 4992K, reserved 1048576K
Event: 11.804 GC heap after
Heap after GC invocations=9 (full 2):
 PSYoungGen      total 117248K, used 0K [0x00000000e0000000, 0x00000000ec200000, 0x0000000100000000)
  eden space 104960K, 0% used [0x00000000e0000000,0x00000000e0000000,0x00000000e6680000)
  from space 12288K, 0% used [0x00000000e6680000,0x00000000e6680000,0x00000000e7280000)
  to   space 11776K, 0% used [0x00000000eb680000,0x00000000eb680000,0x00000000ec200000)
 ParOldGen       total 90112K, used 15841K [0x00000000a0000000, 0x00000000a5800000, 0x00000000e0000000)
  object space 90112K, 17% used [0x00000000a0000000,0x00000000a0f786c8,0x00000000a5800000)
 Metaspace       used 34646K, capacity 35316K, committed 35456K, reserved 1079296K
  class space    used 4776K, capacity 4987K, committed 4992K, reserved 1048576K
}
Event: 14.857 GC heap before
{Heap before GC invocations=10 (full 2):
 PSYoungGen      total 117248K, used 104960K [0x00000000e0000000, 0x00000000ec200000, 0x0000000100000000)
  eden space 104960K, 100% used [0x00000000e0000000,0x00000000e6680000,0x00000000e6680000)
  from space 12288K, 0% used [0x00000000e6680000,0x00000000e6680000,0x00000000e7280000)
  to   space 11776K, 0% used [0x00000000eb680000,0x00000000eb680000,0x00000000ec200000)
 ParOldGen       total 90112K, used 15841K [0x00000000a0000000, 0x00000000a5800000, 0x00000000e0000000)
  object space 90112K, 17% used [0x00000000a0000000,0x00000000a0f786c8,0x00000000a5800000)
 Metaspace       used 41986K, capacity 42956K, committed 43136K, reserved 1087488K
  class space    used 5745K, capacity 6004K, committed 6016K, reserved 1048576K
Event: 14.866 GC heap after
Heap after GC invocations=10 (full 2):
 PSYoungGen      total 169472K, used 9447K [0x00000000e0000000, 0x00000000ec000000, 0x0000000100000000)
  eden space 159744K, 0% used [0x00000000e0000000,0x00000000e0000000,0x00000000e9c00000)
  from space 9728K, 97% used [0x00000000eb680000,0x00000000ebfb9fa8,0x00000000ec000000)
  to   space 12288K, 0% used [0x00000000ea800000,0x00000000ea800000,0x00000000eb400000)
 ParOldGen       total 90112K, used 15913K [0x00000000a0000000, 0x00000000a5800000, 0x00000000e0000000)
  object space 90112K, 17% used [0x00000000a0000000,0x00000000a0f8a6d8,0x00000000a5800000)
 Metaspace       used 41986K, capacity 42956K, committed 43136K, reserved 1087488K
  class space    used 5745K, capacity 6004K, committed 6016K, reserved 1048576K
}
Event: 16.308 GC heap before
{Heap before GC invocations=11 (full 2):
 PSYoungGen      total 169472K, used 169191K [0x00000000e0000000, 0x00000000ec000000, 0x0000000100000000)
  eden space 159744K, 100% used [0x00000000e0000000,0x00000000e9c00000,0x00000000e9c00000)
  from space 9728K, 97% used [0x00000000eb680000,0x00000000ebfb9fa8,0x00000000ec000000)
  to   space 12288K, 0% used [0x00000000ea800000,0x00000000ea800000,0x00000000eb400000)
 ParOldGen       total 90112K, used 15913K [0x00000000a0000000, 0x00000000a5800000, 0x00000000e0000000)
  object space 90112K, 17% used [0x00000000a0000000,0x00000000a0f8a6d8,0x00000000a5800000)
 Metaspace       used 42344K, capacity 43320K, committed 43392K, reserved 1087488K
  class space    used 5758K, capacity 6010K, committed 6016K, reserved 1048576K
Event: 16.317 GC heap after
Heap after GC invocations=11 (full 2):
 PSYoungGen      total 172032K, used 12266K [0x00000000e0000000, 0x00000000ec000000, 0x0000000100000000)
  eden space 159744K, 0% used [0x00000000e0000000,0x00000000e0000000,0x00000000e9c00000)
  from space 12288K, 99% used [0x00000000ea800000,0x00000000eb3fab78,0x00000000eb400000)
  to   space 9728K, 0% used [0x00000000eb680000,0x00000000eb680000,0x00000000ec000000)
 ParOldGen       total 90112K, used 15943K [0x00000000a0000000, 0x00000000a5800000, 0x00000000e0000000)
  object space 90112K, 17% used [0x00000000a0000000,0x00000000a0f91d80,0x00000000a5800000)
 Metaspace       used 42344K, capacity 43320K, committed 43392K, reserved 1087488K
  class space    used 5758K, capacity 6010K, committed 6016K, reserved 1048576K
}

